[main] INFO  reusablecComponent.Base  - Driver is initialized
[main] INFO  reusablecComponent.Base  - clicked successfully
[main] INFO  reusablecComponent.Base  - Driver is initialized
[main] INFO  reusablecComponent.Base  - clicked successfully
[main] INFO  reusablecComponent.Base  - Driver is initialized
[main] INFO  utilities.Log  - HomePage opened
[main] INFO  utilities.Log  - Entered item name in search box
[main] INFO  utilities.Log  - Search button clicked
[main] INFO  utilities.Log  - Search Result page
[main] INFO  utilities.Log  - HomePage opened
[main] INFO  utilities.Log  - Entered item name in search box
[main] INFO  utilities.Log  - Search button clicked
[main] INFO  utilities.Log  - Search Result page
[main] INFO  utilities.Log  - HomePage opened
[main] INFO  utilities.Log  - Entered item name in search box
[main] INFO  utilities.Log  - Search button clicked
[main] INFO  utilities.Log  - Search Result page
[main] INFO  utilities.Log  - Category selected
[main] INFO  utilities.Log  - Product name :
 Sponsored
Ben Martin
Casual Jacket Stand Collar Zipper Design Regular Jacket Outerwear-(BM-JKT-FS-19972)
[main] INFO  utilities.Log  - Product price :
 799
[main] INFO  utilities.Log  - Product opened in new tab
[main] INFO  utilities.Log  - ProductPage opened
[main] INFO  utilities.Log  - Switched to new tab
[main] INFO  utilities.Log  - Size selected
[main] INFO  utilities.Log  - Product added to cart
[main] INFO  utilities.Log  - CartPage opened
[main] INFO  utilities.Log  - Cart button clicked
[main] INFO  utilities.Log  - HomePage opened
[main] INFO  utilities.Log  - Entered item name in search box
[main] INFO  utilities.Log  - Search button clicked
[main] INFO  utilities.Log  - Search Result page
[main] INFO  utilities.Log  - Category selected
[main] INFO  utilities.Log  - Product name :
 Sponsored
Ben Martin
Casual Jacket Stand Collar Zipper Design Regular Jacket Outerwear-(BM-JKT-FS-19972)
[main] INFO  utilities.Log  - Product price :
 799
[main] INFO  utilities.Log  - Product opened in new tab
[main] INFO  utilities.Log  - ProductPage opened
[main] INFO  utilities.Log  - Switched to new tab
[main] INFO  utilities.Log  - Size selected
[main] INFO  utilities.Log  - Product added to cart
[main] INFO  utilities.Log  - CartPage opened
[main] INFO  utilities.Log  - Cart button clicked
[main] INFO  utilities.Log  - HomePage opened
[main] INFO  utilities.Log  - Entered item name in search box
[main] INFO  utilities.Log  - Search button clicked
[main] INFO  utilities.Log  - Search Result page
[main] INFO  utilities.Log  - HomePage opened
[main] INFO  utilities.Log  - Entered item name in search box
[main] INFO  utilities.Log  - Search button clicked
[main] INFO  utilities.Log  - Search Result page
[main] INFO  utilities.Log  - HomePage opened
[main] INFO  utilities.Log  - Entered item name in search box
[main] INFO  utilities.Log  - Search button clicked
[main] INFO  utilities.Log  - Search Result page
[main] INFO  utilities.Log  - HomePage opened
[main] INFO  utilities.Log  - Entered item name in search box
[main] INFO  utilities.Log  - Search button clicked
[main] INFO  utilities.Log  - Search Result page
[main] INFO  utilities.Log  - HomePage opened
[main] INFO  utilities.Log  - Entered item name in search box
[main] INFO  utilities.Log  - Search button clicked
[main] INFO  utilities.Log  - Search Result page
[main] INFO  utilities.Log  - HomePage opened
[main] INFO  utilities.Log  - Entered item name in search box
[main] INFO  utilities.Log  - Search button clicked
[main] INFO  utilities.Log  - Search Result page
[main] INFO  utilities.Log  - HomePage opened
[main] INFO  utilities.Log  - Entered item name in search box
[main] INFO  utilities.Log  - Search button clicked
[main] INFO  utilities.Log  - Search Result page
[main] INFO  utilities.Log  - HomePage opened
[main] INFO  utilities.Log  - Entered item name in search box
[main] INFO  utilities.Log  - Search button clicked
[main] INFO  utilities.Log  - Search Result page
[main] INFO  utilities.Log  - HomePage opened
[main] INFO  utilities.Log  - Entered item name in search box
[main] INFO  utilities.Log  - Search button clicked
[main] INFO  utilities.Log  - Search Result page
